<?xml version="1.0" encoding="UTF-8"?>
<!-- Generated by org.testng.reporters.JUnitReportReporter -->
<testsuite hostname="DESKTOP-AD0OTFU" failures="0" tests="2" name="pac2.OrgTest" time="0.004" errors="0" timestamp="2025-09-26T13:31:45 IST" skipped="0">
  <testcase classname="pac2.OrgTest" name="modifyOrgTest" time="0.001"/>
  <testcase classname="pac2.OrgTest" name="creatOrgTest" time="0.003"/>
</testsuite> <!-- pac2.OrgTest -->
