<?xml version="1.0" encoding="UTF-8"?>
<!-- Generated by org.testng.reporters.JUnitReportReporter -->
<testsuite hostname="DESKTOP-AD0OTFU" failures="0" tests="2" name="pac1.ContactTest" time="0.014" errors="0" timestamp="2025-09-26T13:31:45 IST" skipped="0">
  <testcase classname="pac1.ContactTest" name="creatContactTest" time="0.009"/>
  <testcase classname="pac1.ContactTest" name="modifyContactTest" time="0.005"/>
</testsuite> <!-- pac1.ContactTest -->
